  [4;36;1mSQL (0.1ms)[0m   [0;1mSET client_min_messages TO 'panic'[0m
  [4;35;1mSQL (0.1ms)[0m   [0mSET client_min_messages TO 'notice'[0m
  [4;36;1mSQL (36.0ms)[0m   [0;1mCREATE TABLE "schema_migrations" ("version" character varying(255) NOT NULL) [0m
  [4;35;1mSQL (4.3ms)[0m   [0mCREATE UNIQUE INDEX "unique_schema_migrations" ON "schema_migrations" ("version")[0m
  [4;36;1mSQL (0.5ms)[0m   [0;1mSELECT version FROM schema_migrations[0m
  [4;36;1mSQL (0.1ms)[0m   [0;1mSET client_min_messages TO 'panic'[0m
  [4;35;1mSQL (0.1ms)[0m   [0mSET client_min_messages TO 'notice'[0m
  [4;36;1mSQL (0.5ms)[0m   [0;1mSELECT version FROM schema_migrations[0m
  [4;36;1mSQL (0.1ms)[0m   [0;1mSET client_min_messages TO 'panic'[0m
  [4;35;1mSQL (0.3ms)[0m   [0mSET client_min_messages TO 'notice'[0m
  [4;36;1mSQL (0.6ms)[0m   [0;1mSELECT version FROM schema_migrations[0m
Migrating to CreateUsers (20091003003201)
  [4;35;1mSQL (0.1ms)[0m   [0mBEGIN[0m
  [4;36;1mSQL (10.4ms)[0m   [0;1mCREATE TABLE "users" ("id" serial primary key, "login" character varying(255) DEFAULT E'' NOT NULL, "email" character varying(255) DEFAULT E'' NOT NULL, "crypted_password" character varying(255) DEFAULT E'' NOT NULL, "password_salt" character varying(255) DEFAULT E'' NOT NULL, "persistence_token" character varying(255) DEFAULT E'' NOT NULL, "single_access_token" character varying(255) DEFAULT E'' NOT NULL, "perishable_token" character varying(255) DEFAULT E'' NOT NULL, "login_count" integer DEFAULT 0 NOT NULL, "failed_login_count" integer DEFAULT 0 NOT NULL, "last_request_at" timestamp, "current_login_at" timestamp, "last_login_at" timestamp, "current_login_ip" character varying(255), "last_login_ip" character varying(255)) [0m
  [4;35;1mSQL (0.5ms)[0m   [0mINSERT INTO schema_migrations (version) VALUES ('20091003003201')[0m
  [4;36;1mSQL (1.0ms)[0m   [0;1mCOMMIT[0m
Migrating to AddUsersPasswordResetFields (20091003043757)
  [4;35;1mSQL (0.5ms)[0m   [0mBEGIN[0m
  [4;36;1mSQL (13.9ms)[0m   [0;1mCREATE INDEX "index_users_on_perishable_token" ON "users" ("perishable_token")[0m
  [4;35;1mSQL (8.4ms)[0m   [0mCREATE INDEX "index_users_on_email" ON "users" ("email")[0m
  [4;36;1mSQL (0.3ms)[0m   [0;1mINSERT INTO schema_migrations (version) VALUES ('20091003043757')[0m
  [4;35;1mSQL (6.6ms)[0m   [0mCOMMIT[0m
  [4;36;1mSQL (0.2ms)[0m   [0;1mSELECT version FROM schema_migrations[0m
  [4;36;1mSQL (0.2ms)[0m   [0;1mSET client_min_messages TO 'panic'[0m
  [4;35;1mSQL (0.1ms)[0m   [0mSET client_min_messages TO 'notice'[0m
  [4;36;1mSQL (0.4ms)[0m   [0;1mSELECT version FROM schema_migrations[0m
  [4;35;1mSQL (0.3ms)[0m   [0mselect sqlite_version(*)[0m
  [4;36;1mSQL (0.4ms)[0m   [0;1m SELECT name
 FROM sqlite_master
 WHERE type = 'table' AND NOT name = 'sqlite_sequence'
[0m
  [4;35;1mSQL (3.0ms)[0m   [0mCREATE TABLE "users" ("id" INTEGER PRIMARY KEY AUTOINCREMENT NOT NULL, "login" varchar(255) DEFAULT '' NOT NULL, "email" varchar(255) DEFAULT '' NOT NULL, "crypted_password" varchar(255) DEFAULT '' NOT NULL, "password_salt" varchar(255) DEFAULT '' NOT NULL, "persistence_token" varchar(255) DEFAULT '' NOT NULL, "single_access_token" varchar(255) DEFAULT '' NOT NULL, "perishable_token" varchar(255) DEFAULT '' NOT NULL, "login_count" integer DEFAULT 0 NOT NULL, "failed_login_count" integer DEFAULT 0 NOT NULL, "last_request_at" datetime, "current_login_at" datetime, "last_login_at" datetime, "current_login_ip" varchar(255), "last_login_ip" varchar(255)) [0m
  [4;36;1mSQL (2.3ms)[0m   [0;1mCREATE INDEX "index_users_on_email" ON "users" ("email")[0m
  [4;35;1mSQL (2.6ms)[0m   [0mCREATE INDEX "index_users_on_perishable_token" ON "users" ("perishable_token")[0m
  [4;36;1mSQL (0.3ms)[0m   [0;1m SELECT name
 FROM sqlite_master
 WHERE type = 'table' AND NOT name = 'sqlite_sequence'
[0m
  [4;35;1mSQL (2.7ms)[0m   [0mCREATE TABLE "schema_migrations" ("version" varchar(255) NOT NULL) [0m
  [4;36;1mSQL (2.7ms)[0m   [0;1mCREATE UNIQUE INDEX "unique_schema_migrations" ON "schema_migrations" ("version")[0m
  [4;35;1mSQL (0.5ms)[0m   [0m SELECT name
 FROM sqlite_master
 WHERE type = 'table' AND NOT name = 'sqlite_sequence'
[0m
  [4;36;1mSQL (0.2ms)[0m   [0;1mSELECT version FROM "schema_migrations"[0m
  [4;35;1mSQL (28.1ms)[0m   [0mINSERT INTO "schema_migrations" (version) VALUES ('20091003043757')[0m
  [4;36;1mSQL (2.1ms)[0m   [0;1mINSERT INTO "schema_migrations" (version) VALUES ('20091003003201')[0m
  [4;36;1mSQL (0.2ms)[0m   [0;1mSET client_min_messages TO 'panic'[0m
  [4;35;1mSQL (3.9ms)[0m   [0mSET client_min_messages TO 'notice'[0m
  [4;36;1mSQL (0.5ms)[0m   [0;1mSELECT version FROM schema_migrations[0m
Migrating to CreateUsers (20091003003201)
Migrating to AddUsersPasswordResetFields (20091003043757)
Migrating to CreateContentObjects (20091219215137)
  [4;35;1mSQL (0.1ms)[0m   [0mBEGIN[0m
  [4;36;1mSQL (30.0ms)[0m   [0;1mCREATE TABLE "content_objects" ("id" serial primary key, "name" character varying(255), "user_id" integer, "description" text, "category_id" integer, "video_url" character varying(255), "homepage" character varying(255), "content_file_name" character varying(255), "content_content_type" character varying(255), "content_file_size" integer, "content_updated_at" timestamp, "image_file_name" character varying(255), "image_content_type" character varying(255), "image_file_size" integer, "image_updated_at" timestamp, "created_at" timestamp, "updated_at" timestamp) [0m
  [4;35;1mSQL (0.4ms)[0m   [0mINSERT INTO schema_migrations (version) VALUES ('20091219215137')[0m
  [4;36;1mSQL (1.4ms)[0m   [0;1mCOMMIT[0m
Migrating to CreateCategories (20091219220101)
  [4;35;1mSQL (0.5ms)[0m   [0mBEGIN[0m
  [4;36;1mSQL (7.1ms)[0m   [0;1mCREATE TABLE "categories" ("id" serial primary key, "name" character varying(255), "description" text) [0m
  [4;35;1mSQL (0.2ms)[0m   [0mINSERT INTO schema_migrations (version) VALUES ('20091219220101')[0m
  [4;36;1mSQL (0.7ms)[0m   [0;1mCOMMIT[0m
Migrating to CreateTags (20091219220402)
  [4;35;1mSQL (0.4ms)[0m   [0mBEGIN[0m
  [4;36;1mSQL (5.2ms)[0m   [0;1mCREATE TABLE "tags" ("id" serial primary key, "name" character varying(255)) [0m
  [4;35;1mSQL (4.6ms)[0m   [0mCREATE TABLE "content_objects_tags" ("id" serial primary key, "content_object_id" integer, "tag_id" integer) [0m
  [4;36;1mSQL (0.2ms)[0m   [0;1mINSERT INTO schema_migrations (version) VALUES ('20091219220402')[0m
  [4;35;1mSQL (1.0ms)[0m   [0mCOMMIT[0m
  [4;36;1mSQL (0.2ms)[0m   [0;1mSELECT version FROM schema_migrations[0m
  [4;36;1mSQL (0.1ms)[0m   [0;1mSET client_min_messages TO 'panic'[0m
  [4;35;1mSQL (0.1ms)[0m   [0mSET client_min_messages TO 'notice'[0m


Processing UserSessionsController#new (for 127.0.0.1 at 2009-12-20 11:09:50) [GET]
  Parameters: {"action"=>"new", "controller"=>"user_sessions"}

NoMethodError (undefined method `require_no_user' for #<UserSessionsController:0xb70ee3b0>):
  /usr/lib/ruby/1.8/mongrel.rb:159:in `process_client'
  /usr/lib/ruby/1.8/mongrel.rb:158:in `each'
  /usr/lib/ruby/1.8/mongrel.rb:158:in `process_client'
  /usr/lib/ruby/1.8/mongrel.rb:285:in `run'
  /usr/lib/ruby/1.8/mongrel.rb:285:in `initialize'
  /usr/lib/ruby/1.8/mongrel.rb:285:in `new'
  /usr/lib/ruby/1.8/mongrel.rb:285:in `run'
  /usr/lib/ruby/1.8/mongrel.rb:268:in `initialize'
  /usr/lib/ruby/1.8/mongrel.rb:268:in `new'
  /usr/lib/ruby/1.8/mongrel.rb:268:in `run'

Rendered rescues/_trace (45.5ms)
Rendered rescues/_request_and_response (1.8ms)
Rendering rescues/layout (internal_server_error)
  [4;36;1mSQL (0.2ms)[0m   [0;1mSET client_min_messages TO 'panic'[0m
  [4;35;1mSQL (0.2ms)[0m   [0mSET client_min_messages TO 'notice'[0m


Processing UserSessionsController#new (for 127.0.0.1 at 2009-12-20 11:11:21) [GET]
  Parameters: {"action"=>"new", "controller"=>"user_sessions"}

NoMethodError (undefined method `require_no_user' for #<UserSessionsController:0xb686f0a4>):
  /usr/lib/ruby/1.8/mongrel.rb:159:in `process_client'
  /usr/lib/ruby/1.8/mongrel.rb:158:in `each'
  /usr/lib/ruby/1.8/mongrel.rb:158:in `process_client'
  /usr/lib/ruby/1.8/mongrel.rb:285:in `run'
  /usr/lib/ruby/1.8/mongrel.rb:285:in `initialize'
  /usr/lib/ruby/1.8/mongrel.rb:285:in `new'
  /usr/lib/ruby/1.8/mongrel.rb:285:in `run'
  /usr/lib/ruby/1.8/mongrel.rb:268:in `initialize'
  /usr/lib/ruby/1.8/mongrel.rb:268:in `new'
  /usr/lib/ruby/1.8/mongrel.rb:268:in `run'

Rendered rescues/_trace (35.5ms)
Rendered rescues/_request_and_response (0.4ms)
Rendering rescues/layout (internal_server_error)
  [4;36;1mSQL (0.1ms)[0m   [0;1mSET client_min_messages TO 'panic'[0m
  [4;35;1mSQL (0.1ms)[0m   [0mSET client_min_messages TO 'notice'[0m


Processing UserSessionsController#new (for 127.0.0.1 at 2009-12-20 11:12:00) [GET]
  Parameters: {"action"=>"new", "controller"=>"user_sessions"}

NoMethodError (undefined method `require_no_user' for #<UserSessionsController:0xb6f68d24>):
  /usr/lib/ruby/1.8/mongrel.rb:159:in `process_client'
  /usr/lib/ruby/1.8/mongrel.rb:158:in `each'
  /usr/lib/ruby/1.8/mongrel.rb:158:in `process_client'
  /usr/lib/ruby/1.8/mongrel.rb:285:in `run'
  /usr/lib/ruby/1.8/mongrel.rb:285:in `initialize'
  /usr/lib/ruby/1.8/mongrel.rb:285:in `new'
  /usr/lib/ruby/1.8/mongrel.rb:285:in `run'
  /usr/lib/ruby/1.8/mongrel.rb:268:in `initialize'
  /usr/lib/ruby/1.8/mongrel.rb:268:in `new'
  /usr/lib/ruby/1.8/mongrel.rb:268:in `run'

Rendered rescues/_trace (38.3ms)
Rendered rescues/_request_and_response (1.8ms)
Rendering rescues/layout (internal_server_error)
  [4;36;1mSQL (0.1ms)[0m   [0;1mSET client_min_messages TO 'panic'[0m
  [4;35;1mSQL (0.1ms)[0m   [0mSET client_min_messages TO 'notice'[0m


Processing UserSessionsController#new (for 127.0.0.1 at 2009-12-20 11:13:04) [GET]
  Parameters: {"action"=>"new", "controller"=>"user_sessions"}

NoMethodError (undefined method `require_no_user' for #<UserSessionsController:0xb6fe29d0>):
  /usr/lib/ruby/1.8/mongrel.rb:159:in `process_client'
  /usr/lib/ruby/1.8/mongrel.rb:158:in `each'
  /usr/lib/ruby/1.8/mongrel.rb:158:in `process_client'
  /usr/lib/ruby/1.8/mongrel.rb:285:in `run'
  /usr/lib/ruby/1.8/mongrel.rb:285:in `initialize'
  /usr/lib/ruby/1.8/mongrel.rb:285:in `new'
  /usr/lib/ruby/1.8/mongrel.rb:285:in `run'
  /usr/lib/ruby/1.8/mongrel.rb:268:in `initialize'
  /usr/lib/ruby/1.8/mongrel.rb:268:in `new'
  /usr/lib/ruby/1.8/mongrel.rb:268:in `run'

Rendered rescues/_trace (35.9ms)
Rendered rescues/_request_and_response (1.6ms)
Rendering rescues/layout (internal_server_error)
  [4;36;1mSQL (0.3ms)[0m   [0;1mSET client_min_messages TO 'panic'[0m
  [4;35;1mSQL (0.1ms)[0m   [0mSET client_min_messages TO 'notice'[0m


Processing UserSessionsController#new (for 127.0.0.1 at 2009-12-20 11:13:05) [GET]
  Parameters: {"action"=>"new", "controller"=>"user_sessions"}

NoMethodError (undefined method `require_no_user' for #<UserSessionsController:0xb6f18f04>):
  /usr/lib/ruby/1.8/mongrel.rb:159:in `process_client'
  /usr/lib/ruby/1.8/mongrel.rb:158:in `each'
  /usr/lib/ruby/1.8/mongrel.rb:158:in `process_client'
  /usr/lib/ruby/1.8/mongrel.rb:285:in `run'
  /usr/lib/ruby/1.8/mongrel.rb:285:in `initialize'
  /usr/lib/ruby/1.8/mongrel.rb:285:in `new'
  /usr/lib/ruby/1.8/mongrel.rb:285:in `run'
  /usr/lib/ruby/1.8/mongrel.rb:268:in `initialize'
  /usr/lib/ruby/1.8/mongrel.rb:268:in `new'
  /usr/lib/ruby/1.8/mongrel.rb:268:in `run'

Rendered rescues/_trace (34.0ms)
Rendered rescues/_request_and_response (0.4ms)
Rendering rescues/layout (internal_server_error)
  [4;36;1mSQL (0.1ms)[0m   [0;1mSET client_min_messages TO 'panic'[0m
  [4;35;1mSQL (0.1ms)[0m   [0mSET client_min_messages TO 'notice'[0m


Processing UserSessionsController#new (for 127.0.0.1 at 2009-12-20 11:13:06) [GET]
  Parameters: {"action"=>"new", "controller"=>"user_sessions"}

NoMethodError (undefined method `require_no_user' for #<UserSessionsController:0xb6e70e08>):
  /usr/lib/ruby/1.8/mongrel.rb:159:in `process_client'
  /usr/lib/ruby/1.8/mongrel.rb:158:in `each'
  /usr/lib/ruby/1.8/mongrel.rb:158:in `process_client'
  /usr/lib/ruby/1.8/mongrel.rb:285:in `run'
  /usr/lib/ruby/1.8/mongrel.rb:285:in `initialize'
  /usr/lib/ruby/1.8/mongrel.rb:285:in `new'
  /usr/lib/ruby/1.8/mongrel.rb:285:in `run'
  /usr/lib/ruby/1.8/mongrel.rb:268:in `initialize'
  /usr/lib/ruby/1.8/mongrel.rb:268:in `new'
  /usr/lib/ruby/1.8/mongrel.rb:268:in `run'

Rendered rescues/_trace (93.9ms)
Rendered rescues/_request_and_response (0.4ms)
Rendering rescues/layout (internal_server_error)
  [4;36;1mSQL (0.2ms)[0m   [0;1mSET client_min_messages TO 'panic'[0m
  [4;35;1mSQL (0.2ms)[0m   [0mSET client_min_messages TO 'notice'[0m


Processing UserSessionsController#new (for 127.0.0.1 at 2009-12-20 11:13:20) [GET]
  Parameters: {"action"=>"new", "controller"=>"user_sessions"}

NoMethodError (undefined method `require_no_user' for #<UserSessionsController:0xb6fcbaa0>):
  /usr/lib/ruby/1.8/mongrel.rb:159:in `process_client'
  /usr/lib/ruby/1.8/mongrel.rb:158:in `each'
  /usr/lib/ruby/1.8/mongrel.rb:158:in `process_client'
  /usr/lib/ruby/1.8/mongrel.rb:285:in `run'
  /usr/lib/ruby/1.8/mongrel.rb:285:in `initialize'
  /usr/lib/ruby/1.8/mongrel.rb:285:in `new'
  /usr/lib/ruby/1.8/mongrel.rb:285:in `run'
  /usr/lib/ruby/1.8/mongrel.rb:268:in `initialize'
  /usr/lib/ruby/1.8/mongrel.rb:268:in `new'
  /usr/lib/ruby/1.8/mongrel.rb:268:in `run'

Rendered rescues/_trace (41.4ms)
Rendered rescues/_request_and_response (0.4ms)
Rendering rescues/layout (internal_server_error)
  [4;36;1mSQL (0.2ms)[0m   [0;1mSET client_min_messages TO 'panic'[0m
  [4;35;1mSQL (0.1ms)[0m   [0mSET client_min_messages TO 'notice'[0m


Processing UserSessionsController#new (for 127.0.0.1 at 2009-12-20 11:14:14) [GET]
  Parameters: {"action"=>"new", "controller"=>"user_sessions"}
Rendering template within layouts/application
Rendering user_sessions/new

ActionView::TemplateError (password_reset_url failed to generate from {:controller=>"password_resets", :action=>"show"} - you may have ambiguous routes, or you may need to supply additional parameters for this route.  content_url has the following required parameters: ["password_resets", :id] - are they all satisfied?) on line #16 of app/views/user_sessions/new.html.erb:
13:   <%= f.submit "Login" %>
14: <% end %>
15: 
16: <%= link_to "Forgot your password?", password_reset_path %>

    (eval):16:in `password_reset_path'
    app/views/user_sessions/new.html.erb:16
    /usr/lib/ruby/1.8/mongrel.rb:159:in `process_client'
    /usr/lib/ruby/1.8/mongrel.rb:158:in `each'
    /usr/lib/ruby/1.8/mongrel.rb:158:in `process_client'
    /usr/lib/ruby/1.8/mongrel.rb:285:in `run'
    /usr/lib/ruby/1.8/mongrel.rb:285:in `initialize'
    /usr/lib/ruby/1.8/mongrel.rb:285:in `new'
    /usr/lib/ruby/1.8/mongrel.rb:285:in `run'
    /usr/lib/ruby/1.8/mongrel.rb:268:in `initialize'
    /usr/lib/ruby/1.8/mongrel.rb:268:in `new'
    /usr/lib/ruby/1.8/mongrel.rb:268:in `run'

Rendered rescues/_trace (121.8ms)
Rendered rescues/_request_and_response (0.4ms)
Rendering rescues/layout (internal_server_error)
  [4;36;1mSQL (0.1ms)[0m   [0;1mSET client_min_messages TO 'panic'[0m
  [4;35;1mSQL (0.1ms)[0m   [0mSET client_min_messages TO 'notice'[0m


Processing UserSessionsController#new (for 127.0.0.1 at 2009-12-20 11:14:41) [GET]
  Parameters: {"action"=>"new", "controller"=>"user_sessions"}
Rendering template within layouts/application
Rendering user_sessions/new

ActionView::TemplateError (undefined method `logged_in?' for #<ActionView::Base:0xb6fc41ec>) on line #22 of app/views/layouts/application.html.erb:
19:         <%- end -%>
20: 
21:         <div class="login_details">
22:           <% if logged_in? %>
23:             Welcome <%= current_user.username %>! Not you?
24:             <%= link_to "Log out", logout_path %>
25:           <% else %>

    app/views/layouts/application.html.erb:22
    /usr/lib/ruby/1.8/mongrel.rb:159:in `process_client'
    /usr/lib/ruby/1.8/mongrel.rb:158:in `each'
    /usr/lib/ruby/1.8/mongrel.rb:158:in `process_client'
    /usr/lib/ruby/1.8/mongrel.rb:285:in `run'
    /usr/lib/ruby/1.8/mongrel.rb:285:in `initialize'
    /usr/lib/ruby/1.8/mongrel.rb:285:in `new'
    /usr/lib/ruby/1.8/mongrel.rb:285:in `run'
    /usr/lib/ruby/1.8/mongrel.rb:268:in `initialize'
    /usr/lib/ruby/1.8/mongrel.rb:268:in `new'
    /usr/lib/ruby/1.8/mongrel.rb:268:in `run'

Rendered rescues/_trace (39.3ms)
Rendered rescues/_request_and_response (0.4ms)
Rendering rescues/layout (internal_server_error)
  [4;36;1mSQL (0.1ms)[0m   [0;1mSET client_min_messages TO 'panic'[0m
  [4;35;1mSQL (0.1ms)[0m   [0mSET client_min_messages TO 'notice'[0m


Processing UserSessionsController#new (for 127.0.0.1 at 2009-12-20 11:16:37) [GET]
  Parameters: {"action"=>"new", "controller"=>"user_sessions"}
Rendering template within layouts/application
Rendering user_sessions/new

ActionView::TemplateError (undefined local variable or method `signup_path' for #<ActionView::Base:0xb6e7f778>) on line #26 of app/views/layouts/application.html.erb:
23:             Welcome <%= @current_user.username %>! Not you?
24:             <%= link_to "Log out", logout_path %>
25:           <% else %>
26:             <%= link_to "Sign up", signup_path %> or
27:             <%= link_to "log in", login_path %>.
28:           <% end %>
29:         </div>

    app/views/layouts/application.html.erb:26
    /usr/lib/ruby/1.8/mongrel.rb:159:in `process_client'
    /usr/lib/ruby/1.8/mongrel.rb:158:in `each'
    /usr/lib/ruby/1.8/mongrel.rb:158:in `process_client'
    /usr/lib/ruby/1.8/mongrel.rb:285:in `run'
    /usr/lib/ruby/1.8/mongrel.rb:285:in `initialize'
    /usr/lib/ruby/1.8/mongrel.rb:285:in `new'
    /usr/lib/ruby/1.8/mongrel.rb:285:in `run'
    /usr/lib/ruby/1.8/mongrel.rb:268:in `initialize'
    /usr/lib/ruby/1.8/mongrel.rb:268:in `new'
    /usr/lib/ruby/1.8/mongrel.rb:268:in `run'

Rendered rescues/_trace (43.3ms)
Rendered rescues/_request_and_response (0.4ms)
Rendering rescues/layout (internal_server_error)
  [4;36;1mSQL (0.2ms)[0m   [0;1mSET client_min_messages TO 'panic'[0m
  [4;35;1mSQL (0.2ms)[0m   [0mSET client_min_messages TO 'notice'[0m


Processing UserSessionsController#new (for 127.0.0.1 at 2009-12-20 11:17:59) [GET]
  Parameters: {"action"=>"new", "controller"=>"user_sessions"}
Rendering template within layouts/application
Rendering user_sessions/new

ActionView::TemplateError (undefined local variable or method `signup_path' for #<ActionView::Base:0xb6e78338>) on line #26 of app/views/layouts/application.html.erb:
23:             Welcome <%= @current_user.username %>! Not you?
24:             <%= link_to "Log out", logout_path %>
25:           <% else %>
26:             <%= link_to "Sign up", signup_path %> or
27:             <%= link_to "log in", login_path %>.
28:           <% end %>
29:         </div>

    app/views/layouts/application.html.erb:26
    /usr/lib/ruby/1.8/mongrel.rb:159:in `process_client'
    /usr/lib/ruby/1.8/mongrel.rb:158:in `each'
    /usr/lib/ruby/1.8/mongrel.rb:158:in `process_client'
    /usr/lib/ruby/1.8/mongrel.rb:285:in `run'
    /usr/lib/ruby/1.8/mongrel.rb:285:in `initialize'
    /usr/lib/ruby/1.8/mongrel.rb:285:in `new'
    /usr/lib/ruby/1.8/mongrel.rb:285:in `run'
    /usr/lib/ruby/1.8/mongrel.rb:268:in `initialize'
    /usr/lib/ruby/1.8/mongrel.rb:268:in `new'
    /usr/lib/ruby/1.8/mongrel.rb:268:in `run'

Rendered rescues/_trace (110.4ms)
Rendered rescues/_request_and_response (0.4ms)
Rendering rescues/layout (internal_server_error)
  [4;36;1mSQL (0.1ms)[0m   [0;1mSET client_min_messages TO 'panic'[0m
  [4;35;1mSQL (0.1ms)[0m   [0mSET client_min_messages TO 'notice'[0m


Processing UserSessionsController#new (for 127.0.0.1 at 2009-12-20 11:18:50) [GET]
  Parameters: {"action"=>"new", "controller"=>"user_sessions"}
Rendering template within layouts/application
Rendering user_sessions/new
Completed in 60ms (View: 36, DB: 0) | 200 OK [http://localhost/]
  [4;36;1mSQL (0.2ms)[0m   [0;1mSET client_min_messages TO 'panic'[0m
  [4;35;1mSQL (0.1ms)[0m   [0mSET client_min_messages TO 'notice'[0m


Processing ApplicationController#new (for 127.0.0.1 at 2009-12-20 11:18:55) [GET]
  Parameters: {"action"=>"new", "controller"=>"user"}

NameError (uninitialized constant UserController):
  /usr/lib/ruby/1.8/mongrel.rb:159:in `process_client'
  /usr/lib/ruby/1.8/mongrel.rb:158:in `each'
  /usr/lib/ruby/1.8/mongrel.rb:158:in `process_client'
  /usr/lib/ruby/1.8/mongrel.rb:285:in `run'
  /usr/lib/ruby/1.8/mongrel.rb:285:in `initialize'
  /usr/lib/ruby/1.8/mongrel.rb:285:in `new'
  /usr/lib/ruby/1.8/mongrel.rb:285:in `run'
  /usr/lib/ruby/1.8/mongrel.rb:268:in `initialize'
  /usr/lib/ruby/1.8/mongrel.rb:268:in `new'
  /usr/lib/ruby/1.8/mongrel.rb:268:in `run'

Rendered rescues/_trace (29.8ms)
Rendered rescues/_request_and_response (1.7ms)
Rendering rescues/layout (internal_server_error)
  [4;36;1mSQL (0.1ms)[0m   [0;1mSET client_min_messages TO 'panic'[0m
  [4;35;1mSQL (0.1ms)[0m   [0mSET client_min_messages TO 'notice'[0m


Processing UsersController#new (for 127.0.0.1 at 2009-12-20 11:19:37) [GET]
  Parameters: {"action"=>"new", "controller"=>"users"}

NoMethodError (undefined method `require_no_user' for #<UsersController:0xb6f7fab0>):
  /usr/lib/ruby/1.8/mongrel.rb:159:in `process_client'
  /usr/lib/ruby/1.8/mongrel.rb:158:in `each'
  /usr/lib/ruby/1.8/mongrel.rb:158:in `process_client'
  /usr/lib/ruby/1.8/mongrel.rb:285:in `run'
  /usr/lib/ruby/1.8/mongrel.rb:285:in `initialize'
  /usr/lib/ruby/1.8/mongrel.rb:285:in `new'
  /usr/lib/ruby/1.8/mongrel.rb:285:in `run'
  /usr/lib/ruby/1.8/mongrel.rb:268:in `initialize'
  /usr/lib/ruby/1.8/mongrel.rb:268:in `new'
  /usr/lib/ruby/1.8/mongrel.rb:268:in `run'

Rendered rescues/_trace (35.3ms)
Rendered rescues/_request_and_response (0.4ms)
Rendering rescues/layout (internal_server_error)
  [4;36;1mSQL (0.2ms)[0m   [0;1mSET client_min_messages TO 'panic'[0m
  [4;35;1mSQL (0.1ms)[0m   [0mSET client_min_messages TO 'notice'[0m


Processing UsersController#new (for 127.0.0.1 at 2009-12-20 11:19:53) [GET]
  Parameters: {"action"=>"new", "controller"=>"users"}
Rendering template within layouts/application
Rendering users/new
Rendered users/_form (3.9ms)
Completed in 54ms (View: 24, DB: 0) | 200 OK [http://localhost/signup]
  [4;36;1mSQL (0.3ms)[0m   [0;1mSET client_min_messages TO 'panic'[0m
  [4;35;1mSQL (0.1ms)[0m   [0mSET client_min_messages TO 'notice'[0m


Processing UsersController#create (for 127.0.0.1 at 2009-12-20 11:20:01) [POST]
  Parameters: {"commit"=>"Register", "action"=>"create", "authenticity_token"=>"+Of69/AKiAEHUIujoiREVYWWijQacCUNuop6DmjYXA4=", "controller"=>"users", "user"=>{"password_confirmation"=>"[FILTERED]", "password"=>"[FILTERED]", "login"=>"breccan"}}
  [4;36;1mSQL (0.1ms)[0m   [0;1mBEGIN[0m
  [4;35;1mUser Load (1.1ms)[0m   [0mSELECT "users".id FROM "users" WHERE (LOWER("users"."login") = E'breccan') LIMIT 1[0m
  [4;36;1mUser Load (0.7ms)[0m   [0;1mSELECT "users".id FROM "users" WHERE ("users"."persistence_token" = E'7bd5479a246bbd73db93778c3880b9fde8664381c66476a01b7cd0dd5c76f4ca6166410c0a7183f89813b7bf0e1c93d4c6e188ff016ab5b9419750a26b669e02') LIMIT 1[0m
  [4;35;1mUser Load (0.4ms)[0m   [0mSELECT "users".id FROM "users" WHERE ("users"."single_access_token" = E'W8v5og4toyHIAGX1kbeM') LIMIT 1[0m
  [4;36;1mSQL (0.2ms)[0m   [0;1mROLLBACK[0m
Rendering template within layouts/application
Rendering users/new
Rendered users/_form (2.5ms)
Completed in 267ms (View: 13, DB: 3) | 200 OK [http://localhost/account]
  [4;35;1mSQL (0.1ms)[0m   [0mSET client_min_messages TO 'panic'[0m
  [4;36;1mSQL (0.1ms)[0m   [0;1mSET client_min_messages TO 'notice'[0m


Processing UsersController#create (for 127.0.0.1 at 2009-12-20 11:21:00) [POST]
  Parameters: {"commit"=>"Register", "action"=>"create", "authenticity_token"=>"+Of69/AKiAEHUIujoiREVYWWijQacCUNuop6DmjYXA4=", "controller"=>"users", "user"=>{"password_confirmation"=>"[FILTERED]", "password"=>"[FILTERED]", "login"=>"breccan"}}
  [4;35;1mSQL (0.1ms)[0m   [0mBEGIN[0m
  [4;36;1mUser Load (0.9ms)[0m   [0;1mSELECT "users".id FROM "users" WHERE (LOWER("users"."login") = E'breccan') LIMIT 1[0m
  [4;35;1mUser Load (23.2ms)[0m   [0mSELECT "users".id FROM "users" WHERE ("users"."persistence_token" = E'9c54cf802a373dae776350e644f01422b26b72b72891454f9c0876825613bb45e758c8fbf5539a906c8fd3fc1ccfc231d44cd503ad5d7910081f7619d687f72f') LIMIT 1[0m
  [4;36;1mUser Load (0.3ms)[0m   [0;1mSELECT "users".id FROM "users" WHERE ("users"."single_access_token" = E'-htXwn3yNTYCz7jpuzN9') LIMIT 1[0m
  [4;35;1mSQL (0.1ms)[0m   [0mROLLBACK[0m
Rendering template within layouts/application
Rendering users/new
Rendered users/_form (8.1ms)
Completed in 77ms (View: 21, DB: 25) | 200 OK [http://localhost/account]
  [4;36;1mSQL (0.1ms)[0m   [0;1mSET client_min_messages TO 'panic'[0m
  [4;35;1mSQL (0.1ms)[0m   [0mSET client_min_messages TO 'notice'[0m


Processing UsersController#create (for 127.0.0.1 at 2009-12-20 11:21:08) [POST]
  Parameters: {"commit"=>"Register", "action"=>"create", "authenticity_token"=>"+Of69/AKiAEHUIujoiREVYWWijQacCUNuop6DmjYXA4=", "controller"=>"users", "user"=>{"password_confirmation"=>"[FILTERED]", "password"=>"[FILTERED]", "login"=>"breccan", "email"=>"breccan@3months.com"}}
  [4;36;1mSQL (0.4ms)[0m   [0;1mBEGIN[0m
  [4;35;1mUser Load (1.0ms)[0m   [0mSELECT "users".id FROM "users" WHERE (LOWER("users"."email") = E'breccan@3months.com') LIMIT 1[0m
  [4;36;1mUser Load (0.4ms)[0m   [0;1mSELECT "users".id FROM "users" WHERE (LOWER("users"."login") = E'breccan') LIMIT 1[0m
  [4;35;1mUser Load (0.8ms)[0m   [0mSELECT "users".id FROM "users" WHERE ("users"."persistence_token" = E'03a1b8607665f9ffc926f38fe34575fe51f89ba52570c576b4d21624515c1ca47d957c9183c7c1ed1334ce007dd58e96a02d7187176027aa6637f4a76438be9a') LIMIT 1[0m
  [4;36;1mUser Load (0.4ms)[0m   [0;1mSELECT "users".id FROM "users" WHERE ("users"."single_access_token" = E'TCvRCXneT1Xo0tVLTbA6') LIMIT 1[0m
  [4;35;1mSQL (0.2ms)[0m   [0mROLLBACK[0m

NameError (undefined local variable or method `active' for #<User:0xb6faded8>):
  app/models/user.rb:6:in `active?'
  app/controllers/users_controller.rb:9:in `create'
  /usr/lib/ruby/1.8/mongrel.rb:159:in `process_client'
  /usr/lib/ruby/1.8/mongrel.rb:158:in `each'
  /usr/lib/ruby/1.8/mongrel.rb:158:in `process_client'
  /usr/lib/ruby/1.8/mongrel.rb:285:in `run'
  /usr/lib/ruby/1.8/mongrel.rb:285:in `initialize'
  /usr/lib/ruby/1.8/mongrel.rb:285:in `new'
  /usr/lib/ruby/1.8/mongrel.rb:285:in `run'
  /usr/lib/ruby/1.8/mongrel.rb:268:in `initialize'
  /usr/lib/ruby/1.8/mongrel.rb:268:in `new'
  /usr/lib/ruby/1.8/mongrel.rb:268:in `run'

Rendered rescues/_trace (58.3ms)
Rendered rescues/_request_and_response (0.5ms)
Rendering rescues/layout (internal_server_error)
  [4;36;1mSQL (0.6ms)[0m   [0;1mSET client_min_messages TO 'panic'[0m
  [4;35;1mSQL (0.2ms)[0m   [0mSET client_min_messages TO 'notice'[0m


Processing UsersController#create (for 127.0.0.1 at 2009-12-20 11:22:50) [POST]
  Parameters: {"commit"=>"Register", "action"=>"create", "authenticity_token"=>"+Of69/AKiAEHUIujoiREVYWWijQacCUNuop6DmjYXA4=", "controller"=>"users", "user"=>{"password_confirmation"=>"[FILTERED]", "password"=>"[FILTERED]", "login"=>"breccan", "email"=>"breccan@3months.com"}}
  [4;36;1mSQL (0.1ms)[0m   [0;1mBEGIN[0m
  [4;35;1mUser Load (1.0ms)[0m   [0mSELECT "users".id FROM "users" WHERE (LOWER("users"."email") = E'breccan@3months.com') LIMIT 1[0m
  [4;36;1mUser Load (0.4ms)[0m   [0;1mSELECT "users".id FROM "users" WHERE (LOWER("users"."login") = E'breccan') LIMIT 1[0m
  [4;35;1mUser Load (0.9ms)[0m   [0mSELECT "users".id FROM "users" WHERE ("users"."persistence_token" = E'36f4430d058cef4804068eb5182544cd1b3f4c703a1d36815bcbe26553025a2916db99fa0da747f1b24cdd734f5002d02983475fc0ce10e0d75f455dcd08bba2') LIMIT 1[0m
  [4;36;1mUser Load (0.4ms)[0m   [0;1mSELECT "users".id FROM "users" WHERE ("users"."single_access_token" = E'hXQ1ev2PEmC0gXYsC-uh') LIMIT 1[0m
  [4;35;1mSQL (1.1ms)[0m   [0mINSERT INTO "users" ("single_access_token", "last_request_at", "crypted_password", "perishable_token", "failed_login_count", "current_login_ip", "password_salt", "current_login_at", "persistence_token", "login_count", "last_login_ip", "login", "last_login_at", "email") VALUES(E'hXQ1ev2PEmC0gXYsC-uh', '2009-12-19 22:22:50.765281', E'866acf53496e41587b905ef6bdcb506208c6c6c81a8c94a89bfbcabc7ab056d07a6c7c4dcfd0d9f247c467b6220f77ad0c43cb0d17be265b011bca5c0d9f1626', E'GGSYf3uNRoTErRQnopdX', 0, E'127.0.0.1', E'xzLkmsStIC_SUrNF5jeu', '2009-12-19 22:22:50.653763', E'36f4430d058cef4804068eb5182544cd1b3f4c703a1d36815bcbe26553025a2916db99fa0da747f1b24cdd734f5002d02983475fc0ce10e0d75f455dcd08bba2', 1, NULL, E'breccan', NULL, E'breccan@3months.com') RETURNING "id"[0m
  [4;36;1mSQL (0.8ms)[0m   [0;1mCOMMIT[0m

NoMethodError (undefined method `redirect_back_or_default' for #<UsersController:0xb6d8b63c>):
  app/controllers/users_controller.rb:11:in `create'
  /usr/lib/ruby/1.8/mongrel.rb:159:in `process_client'
  /usr/lib/ruby/1.8/mongrel.rb:158:in `each'
  /usr/lib/ruby/1.8/mongrel.rb:158:in `process_client'
  /usr/lib/ruby/1.8/mongrel.rb:285:in `run'
  /usr/lib/ruby/1.8/mongrel.rb:285:in `initialize'
  /usr/lib/ruby/1.8/mongrel.rb:285:in `new'
  /usr/lib/ruby/1.8/mongrel.rb:285:in `run'
  /usr/lib/ruby/1.8/mongrel.rb:268:in `initialize'
  /usr/lib/ruby/1.8/mongrel.rb:268:in `new'
  /usr/lib/ruby/1.8/mongrel.rb:268:in `run'

Rendered rescues/_trace (113.0ms)
Rendered rescues/_request_and_response (0.6ms)
Rendering rescues/layout (internal_server_error)
  [4;35;1mSQL (0.1ms)[0m   [0mSET client_min_messages TO 'panic'[0m
  [4;36;1mSQL (0.1ms)[0m   [0;1mSET client_min_messages TO 'notice'[0m


Processing UserSessionsController#new (for 127.0.0.1 at 2009-12-20 11:22:57) [GET]
  Parameters: {"action"=>"new", "controller"=>"user_sessions"}
Rendering template within layouts/application
Rendering user_sessions/new
Completed in 39ms (View: 8, DB: 0) | 200 OK [http://localhost/]
  [4;35;1mSQL (0.2ms)[0m   [0mSET client_min_messages TO 'panic'[0m
  [4;36;1mSQL (0.1ms)[0m   [0;1mSET client_min_messages TO 'notice'[0m


Processing UserSessionsController#create (for 127.0.0.1 at 2009-12-20 11:23:03) [POST]
  Parameters: {"commit"=>"Login", "user_session"=>{"remember_me"=>"0", "password"=>"[FILTERED]", "login"=>"breccan"}, "action"=>"create", "authenticity_token"=>"+Of69/AKiAEHUIujoiREVYWWijQacCUNuop6DmjYXA4=", "controller"=>"user_sessions"}
  [4;35;1mUser Load (1.2ms)[0m   [0mSELECT * FROM "users" WHERE (LOWER("users".login) = E'breccan') LIMIT 1[0m
  [4;36;1mSQL (0.2ms)[0m   [0;1mBEGIN[0m
  [4;35;1mUser Update (0.8ms)[0m   [0mUPDATE "users" SET "login_count" = 2, "perishable_token" = E'fKrCWCfB7gZg_xfmivK_', "last_request_at" = '2009-12-19 22:23:03.082274', "last_login_at" = '2009-12-19 22:22:50.653763', "last_login_ip" = E'127.0.0.1', "current_login_at" = '2009-12-19 22:23:03.081656' WHERE "id" = 1[0m
  [4;36;1mSQL (0.6ms)[0m   [0;1mCOMMIT[0m

NoMethodError (undefined method `redirect_back_or_default' for #<UserSessionsController:0xb6e2abd8>):
  app/controllers/user_sessions_controller.rb:11:in `create'
  /usr/lib/ruby/1.8/mongrel.rb:159:in `process_client'
  /usr/lib/ruby/1.8/mongrel.rb:158:in `each'
  /usr/lib/ruby/1.8/mongrel.rb:158:in `process_client'
  /usr/lib/ruby/1.8/mongrel.rb:285:in `run'
  /usr/lib/ruby/1.8/mongrel.rb:285:in `initialize'
  /usr/lib/ruby/1.8/mongrel.rb:285:in `new'
  /usr/lib/ruby/1.8/mongrel.rb:285:in `run'
  /usr/lib/ruby/1.8/mongrel.rb:268:in `initialize'
  /usr/lib/ruby/1.8/mongrel.rb:268:in `new'
  /usr/lib/ruby/1.8/mongrel.rb:268:in `run'

Rendered rescues/_trace (43.9ms)
Rendered rescues/_request_and_response (0.6ms)
Rendering rescues/layout (internal_server_error)
  [4;35;1mSQL (0.2ms)[0m   [0mSET client_min_messages TO 'panic'[0m
  [4;36;1mSQL (0.1ms)[0m   [0;1mSET client_min_messages TO 'notice'[0m


Processing UserSessionsController#new (for 127.0.0.1 at 2009-12-20 11:23:07) [GET]
  Parameters: {"action"=>"new", "controller"=>"user_sessions"}
Rendering template within layouts/application
Rendering user_sessions/new
Completed in 114ms (View: 10, DB: 0) | 200 OK [http://localhost/]
